2021-07-02 21:08:33,436 - INFO - Command: на занятия; Result: Запись на занятие;
Predictions: [[ 0.529347897 0.282423496 0.106438391 0.081790224]]
2021-07-02 21:09:02,087 - INFO - Command: да хочу; Result: Да;
Predictions: [[ 0.999812663 0.000187380]]
2021-07-02 21:09:48,371 - INFO - Command: десять; Result: 10:00;
Predictions: [[ 0.000041054 0.999249279 0.000201318 0.000431160 0.000077099 0.000000018]]
2021-07-02 21:10:16,766 - INFO - Command: нет не хочу; Result: Нет;
Predictions: [[ 0.000506841 0.999493122]]
2021-07-02 21:10:52,583 - INFO - Command: девять; Result: 9:00;
Predictions: [[ 0.999583542 0.000015293 0.000004359 0.000148698 0.000023148 0.000224892]]
2021-07-02 21:11:30,618 - INFO - Command: во одиннадцать; Result: 11:00;
Predictions: [[ 0.000020027 0.000068573 0.999608338 0.000000175 0.000090381 0.000212565]]
2021-07-02 21:11:48,393 - INFO - Command: двенадцать; Result: 12:00;
Predictions: [[ 0.000361914 0.000536548 0.000000189 0.998834550 0.000265599 0.000001248]]
2021-07-02 21:12:25,550 - INFO - Command: запиши меня на тринадцать утром пожалуста; Result: 13:00;
Predictions: [[ 0.000885932 0.005512150 0.016940365 0.000180066 0.976339817 0.000141681]]
2021-07-02 21:12:49,602 - INFO - Command: хочу где нибудь после четырнадцати днем; Result: 14:00;
Predictions: [[ 0.000390516 0.000000029 0.000307263 0.000006431 0.000150521 0.999145150]]
2021-07-02 21:13:09,439 - INFO - Command: услуги; Result: Услуги;
Predictions: [[ 0.003815460 0.031758517 0.956360936 0.008065122]]
2021-07-02 21:13:30,133 - INFO - Command: огэ; Result: 1;
Predictions: [[ 0.992448926 0.000571416 0.004823363 0.002156361]]
2021-07-02 21:13:41,186 - INFO - Command: нет не хочу; Result: Нет;
Predictions: [[ 0.000506841 0.999493122]]
2021-07-02 21:13:47,453 - INFO - Command: да; Result: Да;
Predictions: [[ 0.998922467 0.001077540]]
2021-07-02 21:13:55,100 - INFO - Command: узнать свой уровень; Result: Узнать уровень;
Predictions: [[ 0.001645176 0.001580299 0.000473748 0.996300697]]
2021-07-02 21:14:01,402 - INFO - Command: да хочу; Result: Да;
Predictions: [[ 0.999812663 0.000187380]]
2021-07-02 21:14:16,312 - INFO - Command: расскажи поподробнее пожалуйста; Result: Подробнее;
Predictions: [[ 0.000075811 0.992497742 0.004378902 0.003047608]]
2021-07-02 21:16:36,519 - INFO - Command: апельсин; Result: Подробнее;
Predictions: [[ 0.000445331 0.976553142 0.016218819 0.006782776]]
2021-07-02 21:17:07,267 - INFO - Command: на шестнадцать; Result: 13:00;
Predictions: [[ 0.003517512 0.014874337 0.005270112 0.010254253 0.966038048 0.000045684]]
2021-07-02 21:17:38,747 - INFO - Command: на восемнадцать часов пожалуста; Result: 13:00;
Predictions: [[ 0.002282340 0.008692063 0.002014041 0.004167391 0.982818902 0.000025250]]
2021-07-03 16:34:27,421 - INFO - Command: запись на занятия; Result: Запись на занятие;
Predictions: [[ 0.991931736 0.000822771 0.001503631 0.005741821]]
2021-07-03 16:34:37,873 - INFO - Command: да хочу; Result: Да;
Predictions: [[ 0.999812663 0.000187380]]
2021-07-03 16:34:55,813 - INFO - Command: давайте запишем все где нибудь пятнадцати; Result: 15:00;
Predictions: [[ 0.000137502 0.000052041 0.000039986 0.000000091 0.000731117 0.000144389 0.998894989]]
2021-07-03 16:35:20,412 - INFO - Command: на шестнадцать пожалуста; Result: 12:00;
Predictions: [[ 0.000146985 0.002391480 0.016306838 0.979201436 0.000109692 0.001843227 0.000000408]]
2021-07-03 16:36:08,256 - INFO - Command: давайте на четырнадцать; Result: 14:00;
Predictions: [[ 0.000001243 0.000000101 0.000013819 0.000122803 0.000089327 0.999765694 0.000006960]]
2021-07-03 16:40:22,474 - INFO - Command: где нибудь на тринадцать пожалуста; Result: 13:00;
Predictions: [[ 0.000032054 0.000000496 0.000000031 0.000101103 0.999690890 0.000096160 0.000079249]]
2021-07-03 17:25:27,625 - INFO - Command: запишите пожалуйста на шестнадцать ноль ноль; Result: 16:00;
Predictions: [[ 0.000044566 0.000012568 0.000445422 0.000715077 0.000174275 0.000000961 0.000453787 0.998153269]]
2021-07-03 17:25:52,760 - INFO - Command: давайте из пятнадцать ноль ноль; Result: 15:00;
Predictions: [[ 0.000148083 0.000017536 0.000076891 0.000036149 0.000069756 0.000070463 0.999434888 0.000146288]]
2021-07-03 17:28:34,328 - INFO - Command: давайте с четырнадцать ноль ноль пожалуйста; Result: 14:00;
Predictions: [[ 0.000080439 0.000221050 0.000159623 0.000016223 0.000184311 0.999292612 0.000045553 0.000000139]]
2021-07-03 17:28:58,417 - INFO - Command: давайте где нибудь на тринадцать часов; Result: 13:00;
Predictions: [[ 0.000078560 0.000001251 0.000000050 0.000044800 0.999661922 0.000067405 0.000004810 0.000141203]]
2021-07-03 17:29:21,086 - INFO - Command: двенадцати; Result: 12:00;
Predictions: [[ 0.000000035 0.000081117 0.000002397 0.999520659 0.000101231 0.000008177 0.000005195 0.000281239]]
2021-07-03 17:29:47,493 - INFO - Command: на одиннадцать пожалуйста запишите меня к преподавателю; Result: 11:00;
Predictions: [[ 0.000060451 0.000033006 0.999653339 0.000001702 0.000000188 0.000158410 0.000038558 0.000054292]]
2021-07-03 17:30:23,455 - INFO - Command: к преподавателю хочу ровно в одиннадцать часов; Result: 11:00;
Predictions: [[ 0.000041339 0.000032701 0.999686837 0.000001457 0.000000168 0.000163278 0.000029919 0.000044364]]
2021-07-03 17:35:47,317 - INFO - Command: запиши меня к десяти; Result: 10:00;
Predictions: [[ 0.000006626 0.999527693 0.000078871 0.000201476 0.000013167 0.000158516 0.000002151 0.000011532]]
2021-07-03 17:36:26,134 - INFO - Command: утром в девять часов к преподавателю запиши меня пожалуйста; Result: 9:00;
Predictions: [[ 0.999591887 0.000003497 0.000059076 0.000000315 0.000220555 0.000069274 0.000050153 0.000005236]]
2021-07-04 01:52:48,685 - INFO - Command: на семнадцать; Result: 17:00;
Predictions: [[ 0.000036730 0.000083568 0.000018262 0.000000303 0.000030555 0.000066946 0.000000008 0.000141983 0.999621630]]
2021-07-04 01:53:07,054 - INFO - Command: на шестнадцать; Result: 16:00;
Predictions: [[ 0.000000000 0.000011909 0.000000001 0.000018264 0.000000539 0.000017252 0.000031722 0.999916673 0.000003621]]
2021-07-04 01:53:24,953 - INFO - Command: на пятнадцать; Result: 15:00;
Predictions: [[ 0.000000294 0.000003134 0.000041315 0.000110244 0.000001010 0.000017874 0.999777973 0.000048068 0.000000001]]
2021-07-04 01:53:47,752 - INFO - Command: на четырнадцать; Result: 14:00;
Predictions: [[ 0.000000024 0.000000014 0.000085517 0.000000001 0.000010523 0.999810755 0.000044391 0.000034435 0.000014468]]
2021-07-04 01:54:13,421 - INFO - Command: на тринадцать; Result: 13:00;
Predictions: [[ 0.000020006 0.000001243 0.000018298 0.000023661 0.999910593 0.000005904 0.000009994 0.000002460 0.000007848]]
2021-07-04 01:54:30,449 - INFO - Command: на двенадцать; Result: 12:00;
Predictions: [[ 0.000012207 0.000012766 0.000000009 0.999921799 0.000004552 0.000000001 0.000020963 0.000027635 0.000000006]]
2021-07-04 01:54:55,024 - INFO - Command: на одиннадцать; Result: 11:00;
Predictions: [[ 0.000068596 0.000000041 0.999867439 0.000000053 0.000006550 0.000017280 0.000036454 0.000000003 0.000003539]]
2021-07-04 01:55:09,045 - INFO - Command: на десять; Result: 10:00;
Predictions: [[ 0.000018294 0.999914289 0.000000064 0.000025233 0.000000094 0.000000028 0.000000295 0.000026185 0.000015636]]
2021-07-04 01:55:25,790 - INFO - Command: на девять; Result: 9:00;
Predictions: [[ 0.999836564 0.000075120 0.000072611 0.000010303 0.000001556 0.000000030 0.000000166 0.000000000 0.000003564]]
2021-07-04 01:55:43,853 - INFO - Command: на восемнадцать; Result: 12:00;
Predictions: [[ 0.000271077 0.000052852 0.000394217 0.630398512 0.007874279 0.000032844 0.360528678 0.000447530 0.000000049]]
2021-07-05 02:04:26,800 - INFO - Command: ђв девять; Result: 9:00;
Predictions: [[ 0.999987721 0.000005371 0.000001473 0.000000007 0.000002704 0.000000940 0.000000004 0.000000188 0.000001574]]
2021-07-05 02:04:49,458 - INFO - Command: ђв десять; Result: 10:00;
Predictions: [[ 0.000006851 0.999972820 0.000004198 0.000000001 0.000001986 0.000000003 0.000012346 0.000000021 0.000001794]]
2021-07-05 02:05:45,961 - INFO - Command: на одиннадцать; Result: 11:00;
Predictions: [[ 0.000003828 0.000004069 0.999980927 0.000002026 0.000000010 0.000002896 0.000000000 0.000006037 0.000000221]]
2021-07-05 02:06:09,105 - INFO - Command: на двенадцать; Result: 12:00;
Predictions: [[ 0.000000003 0.000000001 0.000003869 0.999984980 0.000000808 0.000002619 0.000002578 0.000005130 0.000000034]]
2021-07-05 02:06:28,715 - INFO - Command: в тринадцать; Result: 13:00;
Predictions: [[ 0.000005651 0.000002522 0.000000024 0.000005201 0.999981284 0.000001494 0.000003544 0.000000000 0.000000307]]
2021-07-05 02:06:57,610 - INFO - Command: в четырнадцать часов; Result: 14:00;
Predictions: [[ 0.000001894 0.000000006 0.000004948 0.000004770 0.000001119 0.999982119 0.000000148 0.000004992 0.000000024]]
2021-07-05 02:07:14,219 - INFO - Command: пятнадцать часов; Result: 15:00;
Predictions: [[ 0.000000000 0.000007010 0.000000000 0.000001528 0.000001949 0.000000106 0.999984384 0.000004933 0.000000141]]
2021-07-05 02:07:25,524 - INFO - Command: шестнадцать часов; Result: Подробнее;
Predictions: [[ 0.000445331 0.976553142 0.016218819 0.006782776]]
2021-07-05 02:07:43,141 - INFO - Command: шестнадцать часов; Result: 16:00;
Predictions: [[ 0.000000103 0.000000095 0.000003591 0.000003302 0.000000000 0.000002732 0.000008687 0.999979973 0.000001388]]
2021-07-05 02:07:58,852 - INFO - Command: к семнадцати часам; Result: 17:00;
Predictions: [[ 0.000010269 0.000011412 0.000000922 0.000003145 0.000003029 0.000000380 0.000009233 0.000018178 0.999943376]]
2021-07-05 19:09:27,355 - INFO - Command: запись на занятие; Result: Запись на занятие;
Predictions: [[ 0.999490738 0.000233469 0.000001782 0.000274020]]
2021-07-05 19:09:38,764 - INFO - Command: да хочу; Result: Да;
Predictions: [[ 0.999812663 0.000187380]]
2021-07-05 19:09:48,958 - INFO - Command: на семнадцать часов; Result: 17:00;
Predictions: [[ 0.000000003 0.000000444 0.000002328 0.000015623 0.000010179 0.000014237 0.000024432 0.000000121 0.999932647]]
2021-07-05 19:09:58,526 - INFO - Command: нет не хочу; Result: Нет;
Predictions: [[ 0.000506841 0.999493122]]
2021-07-05 19:10:09,657 - INFO - Command: подробнее расскажи пожалуйста; Result: Подробнее;
Predictions: [[ 0.001014963 0.998062313 0.000906804 0.000015995]]
2021-07-05 19:10:21,133 - INFO - Command: хочу узнать свой уровень; Result: Узнать уровень;
Predictions: [[ 0.000411780 0.000023593 0.000134978 0.999429643]]
2021-07-05 19:10:35,907 - INFO - Command: да хочу узнать свой уровень английского языка; Result: Да;
Predictions: [[ 0.999812663 0.000187380]]
2021-07-05 19:10:49,100 - INFO - Command: услуги покажи пожалуйста; Result: Услуги;
Predictions: [[ 0.000060495 0.001577503 0.997580290 0.000781601]]
2021-07-05 19:11:03,486 - INFO - Command: да я хочу воспользоваться какой либо услугой; Result: Да;
Predictions: [[ 0.999812663 0.000187380]]
2021-07-05 19:11:17,189 - INFO - Command: огэ; Result: 1;
Predictions: [[ 0.992448926 0.000571416 0.004823363 0.002156361]]
2021-07-05 19:11:29,015 - INFO - Command: нет не хочу; Result: Нет;
Predictions: [[ 0.000506841 0.999493122]]
2021-07-05 19:11:38,906 - INFO - Command: да знаю; Result: Да;
Predictions: [[ 0.998922467 0.001077540]]
2021-07-05 19:46:55,794 - INFO - Command: запиши меня на занятия пожалуста как преподавателю; Result: Запись на занятие;
Predictions: [[ 0.998612881 0.000622857 0.000005480 0.000758746]]
2021-07-05 19:47:38,021 - INFO - Command: да я хочу записаться к конкретному преподавателю; Result: Да;
Predictions: [[ 0.999812663 0.000187380]]
2021-07-05 19:47:53,106 - INFO - Command: на семнадцать часов пожалуста; Result: 17:00;
Predictions: [[ 0.000081537 0.000024277 0.000006115 0.000000024 0.000022593 0.000019171 0.000000000 0.000023839 0.999822438]]
2021-07-05 19:48:03,239 - INFO - Command: нет не хочу; Result: Нет;
Predictions: [[ 0.000506841 0.999493122]]
